<?xml version="1.0" encoding="UTF-8"?>
<!-- Generated by org.testng.reporters.JUnitXMLReporter -->
<testsuite hostname="L-156053666" ignored="0" name="Test" tests="2" failures="1" timestamp="06 May 2018 23:53:03 GMT" time="13.375" errors="0">
  <testcase name="feature" time="7.201" classname="cucumber.api.testng.AbstractTestNGCucumberTests"/>
  <testcase name="feature" time="5.606" classname="cucumber.api.testng.AbstractTestNGCucumberTests">
    <failure type="cucumber.runtime.CucumberException" message="java.lang.AssertionError: expected [http://opensource.dem.orangehrmlive.com/index.php/dashboard] but found [http://opensource.demo.orangehrmlive.com/index.php/dashboard]">
      <![CDATA[cucumber.runtime.CucumberException: java.lang.AssertionError: expected [http://opensource.dem.orangehrmlive.com/index.php/dashboard] but found [http://opensource.demo.orangehrmlive.com/index.php/dashboard]at cucumber.api.testng.TestNGCucumberRunner.runCucumber(TestNGCucumberRunner.java:69)at cucumber.api.testng.AbstractTestNGCucumberTests.feature(AbstractTestNGCucumberTests.java:21)Caused by: java.lang.AssertionError: expected [http://opensource.dem.orangehrmlive.com/index.php/dashboard] but found [http://opensource.demo.orangehrmlive.com/index.php/dashboard]at stepDef.Login2Step.admin_will_Land_in_Adminhome_Page(Login2Step.java:41)at âœ½.Then Admin will Land in Adminhome Page(login2.feature:11)... Removed 31 stack frames]]>
    </failure>
  </testcase> <!-- feature -->
</testsuite> <!-- Test -->
